{"/home/douglas/www/rocketseat/bootcamp-gostack-apps/appgobarber/src/components/Button/index.tsx": {"path":"/home/douglas/www/rocketseat/bootcamp-gostack-apps/appgobarber/src/components/Button/index.tsx","statementMap":{"0":{"start":{"line":10,"column":38},"end":{"line":14,"column":1}},"1":{"start":{"line":11,"column":2},"end":{"line":13,"column":14}}},"fnMap":{"0":{"name":"(anonymous_0)","decl":{"start":{"line":10,"column":38},"end":{"line":10,"column":39}},"loc":{"start":{"line":11,"column":2},"end":{"line":13,"column":14}},"line":11}},"branchMap":{},"s":{"0":2,"1":6},"f":{"0":6},"b":{},"_coverageSchema":"43e27e138ebf9cfc5966b082cf9a028302ed4184","hash":"b309c26aa8979a473fe7357bddf2a7916f0a74d6"}
,"/home/douglas/www/rocketseat/bootcamp-gostack-apps/appgobarber/src/components/Input/index.tsx": {"path":"/home/douglas/www/rocketseat/bootcamp-gostack-apps/appgobarber/src/components/Input/index.tsx","statementMap":{"0":{"start":{"line":28,"column":66},"end":{"line":99,"column":1}},"1":{"start":{"line":32,"column":26},"end":{"line":32,"column":43}},"2":{"start":{"line":34,"column":65},"end":{"line":34,"column":79}},"3":{"start":{"line":35,"column":24},"end":{"line":35,"column":76}},"4":{"start":{"line":37,"column":36},"end":{"line":37,"column":51}},"5":{"start":{"line":38,"column":34},"end":{"line":38,"column":49}},"6":{"start":{"line":40,"column":27},"end":{"line":42,"column":8}},"7":{"start":{"line":41,"column":4},"end":{"line":41,"column":23}},"8":{"start":{"line":44,"column":26},"end":{"line":48,"column":8}},"9":{"start":{"line":45,"column":4},"end":{"line":45,"column":24}},"10":{"start":{"line":47,"column":4},"end":{"line":47,"column":47}},"11":{"start":{"line":50,"column":2},"end":{"line":52,"column":21}},"12":{"start":{"line":51,"column":4},"end":{"line":51,"column":47}},"13":{"start":{"line":54,"column":2},"end":{"line":58,"column":6}},"14":{"start":{"line":54,"column":34},"end":{"line":58,"column":3}},"15":{"start":{"line":56,"column":6},"end":{"line":56,"column":38}},"16":{"start":{"line":60,"column":2},"end":{"line":74,"column":33}},"17":{"start":{"line":61,"column":4},"end":{"line":73,"column":7}},"18":{"start":{"line":66,"column":8},"end":{"line":66,"column":44}},"19":{"start":{"line":67,"column":8},"end":{"line":67,"column":64}},"20":{"start":{"line":70,"column":8},"end":{"line":70,"column":41}},"21":{"start":{"line":71,"column":8},"end":{"line":71,"column":40}},"22":{"start":{"line":76,"column":2},"end":{"line":98,"column":4}},"23":{"start":{"line":93,"column":10},"end":{"line":93,"column":46}}},"fnMap":{"0":{"name":"(anonymous_0)","decl":{"start":{"line":28,"column":66},"end":{"line":28,"column":67}},"loc":{"start":{"line":31,"column":5},"end":{"line":99,"column":1}},"line":31},"1":{"name":"(anonymous_1)","decl":{"start":{"line":40,"column":39},"end":{"line":40,"column":40}},"loc":{"start":{"line":40,"column":45},"end":{"line":42,"column":3}},"line":40},"2":{"name":"(anonymous_2)","decl":{"start":{"line":44,"column":38},"end":{"line":44,"column":39}},"loc":{"start":{"line":44,"column":44},"end":{"line":48,"column":3}},"line":44},"3":{"name":"(anonymous_3)","decl":{"start":{"line":50,"column":12},"end":{"line":50,"column":13}},"loc":{"start":{"line":50,"column":18},"end":{"line":52,"column":3}},"line":50},"4":{"name":"(anonymous_4)","decl":{"start":{"line":54,"column":27},"end":{"line":54,"column":28}},"loc":{"start":{"line":54,"column":34},"end":{"line":58,"column":3}},"line":54},"5":{"name":"(anonymous_5)","decl":{"start":{"line":55,"column":4},"end":{"line":55,"column":5}},"loc":{"start":{"line":55,"column":12},"end":{"line":57,"column":5}},"line":55},"6":{"name":"(anonymous_6)","decl":{"start":{"line":60,"column":12},"end":{"line":60,"column":13}},"loc":{"start":{"line":60,"column":18},"end":{"line":74,"column":3}},"line":60},"7":{"name":"(anonymous_7)","decl":{"start":{"line":65,"column":6},"end":{"line":65,"column":7}},"loc":{"start":{"line":65,"column":40},"end":{"line":68,"column":7}},"line":65},"8":{"name":"(anonymous_8)","decl":{"start":{"line":69,"column":6},"end":{"line":69,"column":7}},"loc":{"start":{"line":69,"column":27},"end":{"line":72,"column":7}},"line":69},"9":{"name":"(anonymous_9)","decl":{"start":{"line":92,"column":22},"end":{"line":92,"column":23}},"loc":{"start":{"line":92,"column":33},"end":{"line":94,"column":9}},"line":92}},"branchMap":{"0":{"loc":{"start":{"line":29,"column":16},"end":{"line":29,"column":35}},"type":"default-arg","locations":[{"start":{"line":29,"column":33},"end":{"line":29,"column":35}}],"line":29},"1":{"loc":{"start":{"line":34,"column":25},"end":{"line":34,"column":42}},"type":"default-arg","locations":[{"start":{"line":34,"column":40},"end":{"line":34,"column":42}}],"line":34},"2":{"loc":{"start":{"line":81,"column":15},"end":{"line":81,"column":60}},"type":"cond-expr","locations":[{"start":{"line":81,"column":39},"end":{"line":81,"column":48}},{"start":{"line":81,"column":51},"end":{"line":81,"column":60}}],"line":81},"3":{"loc":{"start":{"line":81,"column":15},"end":{"line":81,"column":36}},"type":"binary-expr","locations":[{"start":{"line":81,"column":15},"end":{"line":81,"column":24}},{"start":{"line":81,"column":28},"end":{"line":81,"column":36}}],"line":81}},"s":{"0":3,"1":26,"2":26,"3":26,"4":26,"5":26,"6":26,"7":0,"8":26,"9":0,"10":0,"11":26,"12":15,"13":26,"14":14,"15":0,"16":26,"17":15,"18":0,"19":0,"20":0,"21":0,"22":26,"23":9},"f":{"0":26,"1":0,"2":0,"3":15,"4":14,"5":0,"6":15,"7":0,"8":0,"9":9},"b":{"0":[26],"1":[25],"2":[0,26],"3":[26,26]},"_coverageSchema":"43e27e138ebf9cfc5966b082cf9a028302ed4184","hash":"5cece9200acf5a1a4c5f9ac0162cadf5f38d75a5"}
,"/home/douglas/www/rocketseat/bootcamp-gostack-apps/appgobarber/src/hooks/auth.tsx": {"path":"/home/douglas/www/rocketseat/bootcamp-gostack-apps/appgobarber/src/hooks/auth.tsx","statementMap":{"0":{"start":{"line":35,"column":20},"end":{"line":35,"column":73}},"1":{"start":{"line":37,"column":31},"end":{"line":92,"column":1}},"2":{"start":{"line":38,"column":26},"end":{"line":38,"column":62}},"3":{"start":{"line":39,"column":32},"end":{"line":39,"column":46}},"4":{"start":{"line":41,"column":2},"end":{"line":61,"column":9}},"5":{"start":{"line":48,"column":20},"end":{"line":48,"column":65}},"6":{"start":{"line":49,"column":19},"end":{"line":49,"column":63}},"7":{"start":{"line":51,"column":6},"end":{"line":55,"column":7}},"8":{"start":{"line":52,"column":8},"end":{"line":52,"column":63}},"9":{"start":{"line":54,"column":8},"end":{"line":54,"column":51}},"10":{"start":{"line":57,"column":6},"end":{"line":57,"column":24}},"11":{"start":{"line":60,"column":4},"end":{"line":60,"column":23}},"12":{"start":{"line":63,"column":17},"end":{"line":79,"column":8}},"13":{"start":{"line":64,"column":21},"end":{"line":67,"column":6}},"14":{"start":{"line":69,"column":28},"end":{"line":69,"column":41}},"15":{"start":{"line":71,"column":4},"end":{"line":74,"column":7}},"16":{"start":{"line":76,"column":4},"end":{"line":76,"column":62}},"17":{"start":{"line":78,"column":4},"end":{"line":78,"column":29}},"18":{"start":{"line":81,"column":18},"end":{"line":85,"column":8}},"19":{"start":{"line":82,"column":4},"end":{"line":82,"column":74}},"20":{"start":{"line":84,"column":4},"end":{"line":84,"column":29}},"21":{"start":{"line":87,"column":2},"end":{"line":91,"column":4}},"22":{"start":{"line":95,"column":18},"end":{"line":95,"column":41}},"23":{"start":{"line":97,"column":2},"end":{"line":97,"column":17}}},"fnMap":{"0":{"name":"(anonymous_0)","decl":{"start":{"line":37,"column":31},"end":{"line":37,"column":32}},"loc":{"start":{"line":37,"column":49},"end":{"line":92,"column":1}},"line":37},"1":{"name":"(anonymous_1)","decl":{"start":{"line":41,"column":12},"end":{"line":41,"column":13}},"loc":{"start":{"line":41,"column":18},"end":{"line":61,"column":3}},"line":41},"2":{"name":"loadStoragedData","decl":{"start":{"line":42,"column":19},"end":{"line":42,"column":35}},"loc":{"start":{"line":42,"column":53},"end":{"line":58,"column":5}},"line":42},"3":{"name":"(anonymous_3)","decl":{"start":{"line":63,"column":29},"end":{"line":63,"column":30}},"loc":{"start":{"line":63,"column":60},"end":{"line":79,"column":3}},"line":63},"4":{"name":"(anonymous_4)","decl":{"start":{"line":81,"column":30},"end":{"line":81,"column":31}},"loc":{"start":{"line":81,"column":42},"end":{"line":85,"column":3}},"line":81},"5":{"name":"useAuth","decl":{"start":{"line":94,"column":9},"end":{"line":94,"column":16}},"loc":{"start":{"line":94,"column":36},"end":{"line":98,"column":1}},"line":94}},"branchMap":{"0":{"loc":{"start":{"line":51,"column":6},"end":{"line":55,"column":7}},"type":"if","locations":[{"start":{"line":51,"column":6},"end":{"line":55,"column":7}},{"start":{"line":51,"column":6},"end":{"line":55,"column":7}}],"line":51},"1":{"loc":{"start":{"line":51,"column":10},"end":{"line":51,"column":23}},"type":"binary-expr","locations":[{"start":{"line":51,"column":10},"end":{"line":51,"column":15}},{"start":{"line":51,"column":19},"end":{"line":51,"column":23}}],"line":51}},"s":{"0":1,"1":1,"2":10,"3":10,"4":10,"5":3,"6":3,"7":3,"8":2,"9":2,"10":3,"11":3,"12":10,"13":1,"14":1,"15":1,"16":1,"17":1,"18":10,"19":1,"20":1,"21":10,"22":10,"23":10},"f":{"0":10,"1":3,"2":3,"3":1,"4":1,"5":10},"b":{"0":[2,1],"1":[3,2]},"_coverageSchema":"43e27e138ebf9cfc5966b082cf9a028302ed4184","hash":"ffd2dbead47e272890efb32c22323a57c1bc1268"}
,"/home/douglas/www/rocketseat/bootcamp-gostack-apps/appgobarber/src/pages/AppointmentCreated/index.tsx": {"path":"/home/douglas/www/rocketseat/bootcamp-gostack-apps/appgobarber/src/pages/AppointmentCreated/index.tsx","statementMap":{"0":{"start":{"line":20,"column":37},"end":{"line":56,"column":1}},"1":{"start":{"line":21,"column":16},"end":{"line":21,"column":26}},"2":{"start":{"line":22,"column":21},"end":{"line":22,"column":36}},"3":{"start":{"line":23,"column":17},"end":{"line":23,"column":44}},"4":{"start":{"line":25,"column":24},"end":{"line":31,"column":19}},"5":{"start":{"line":26,"column":4},"end":{"line":30,"column":6}},"6":{"start":{"line":33,"column":19},"end":{"line":42,"column":8}},"7":{"start":{"line":34,"column":4},"end":{"line":41,"column":7}},"8":{"start":{"line":44,"column":2},"end":{"line":55,"column":4}}},"fnMap":{"0":{"name":"(anonymous_0)","decl":{"start":{"line":20,"column":37},"end":{"line":20,"column":38}},"loc":{"start":{"line":20,"column":43},"end":{"line":56,"column":1}},"line":20},"1":{"name":"(anonymous_1)","decl":{"start":{"line":25,"column":32},"end":{"line":25,"column":33}},"loc":{"start":{"line":25,"column":38},"end":{"line":31,"column":3}},"line":25},"2":{"name":"(anonymous_2)","decl":{"start":{"line":33,"column":31},"end":{"line":33,"column":32}},"loc":{"start":{"line":33,"column":37},"end":{"line":42,"column":3}},"line":33}},"branchMap":{},"s":{"0":0,"1":0,"2":0,"3":0,"4":0,"5":0,"6":0,"7":0,"8":0},"f":{"0":0,"1":0,"2":0},"b":{},"hash":"c4c1a5eeb17838e93e3f15706613fcdb8c64f9a9"}
,"/home/douglas/www/rocketseat/bootcamp-gostack-apps/appgobarber/src/pages/AppointmentDatePicker/index.tsx": {"path":"/home/douglas/www/rocketseat/bootcamp-gostack-apps/appgobarber/src/pages/AppointmentDatePicker/index.tsx","statementMap":{"0":{"start":{"line":48,"column":40},"end":{"line":233,"column":1}},"1":{"start":{"line":49,"column":19},"end":{"line":49,"column":28}},"2":{"start":{"line":50,"column":16},"end":{"line":50,"column":26}},"3":{"start":{"line":51,"column":21},"end":{"line":51,"column":36}},"4":{"start":{"line":52,"column":17},"end":{"line":52,"column":44}},"5":{"start":{"line":54,"column":50},"end":{"line":56,"column":3}},"6":{"start":{"line":58,"column":22},"end":{"line":66,"column":8}},"7":{"start":{"line":59,"column":18},"end":{"line":59,"column":28}},"8":{"start":{"line":61,"column":4},"end":{"line":63,"column":5}},"9":{"start":{"line":62,"column":6},"end":{"line":62,"column":58}},"10":{"start":{"line":65,"column":4},"end":{"line":65,"column":17}},"11":{"start":{"line":68,"column":42},"end":{"line":68,"column":63}},"12":{"start":{"line":69,"column":42},"end":{"line":69,"column":53}},"13":{"start":{"line":71,"column":36},"end":{"line":71,"column":60}},"14":{"start":{"line":72,"column":42},"end":{"line":72,"column":74}},"15":{"start":{"line":74,"column":2},"end":{"line":78,"column":9}},"16":{"start":{"line":75,"column":4},"end":{"line":77,"column":7}},"17":{"start":{"line":76,"column":6},"end":{"line":76,"column":34}},"18":{"start":{"line":80,"column":2},"end":{"line":93,"column":39}},"19":{"start":{"line":81,"column":4},"end":{"line":92,"column":9}},"20":{"start":{"line":90,"column":8},"end":{"line":90,"column":39}},"21":{"start":{"line":91,"column":8},"end":{"line":91,"column":27}},"22":{"start":{"line":95,"column":31},"end":{"line":97,"column":8}},"23":{"start":{"line":96,"column":4},"end":{"line":96,"column":36}},"24":{"start":{"line":99,"column":34},"end":{"line":118,"column":64}},"25":{"start":{"line":100,"column":4},"end":{"line":117,"column":5}},"26":{"start":{"line":101,"column":19},"end":{"line":101,"column":41}},"27":{"start":{"line":103,"column":6},"end":{"line":103,"column":34}},"28":{"start":{"line":104,"column":6},"end":{"line":104,"column":25}},"29":{"start":{"line":106,"column":6},"end":{"line":109,"column":9}},"30":{"start":{"line":111,"column":6},"end":{"line":111,"column":74}},"31":{"start":{"line":113,"column":6},"end":{"line":116,"column":8}},"32":{"start":{"line":120,"column":30},"end":{"line":128,"column":20}},"33":{"start":{"line":121,"column":4},"end":{"line":127,"column":10}},"34":{"start":{"line":122,"column":28},"end":{"line":122,"column":37}},"35":{"start":{"line":123,"column":37},"end":{"line":127,"column":7}},"36":{"start":{"line":130,"column":32},"end":{"line":138,"column":20}},"37":{"start":{"line":131,"column":4},"end":{"line":137,"column":10}},"38":{"start":{"line":132,"column":28},"end":{"line":132,"column":38}},"39":{"start":{"line":133,"column":37},"end":{"line":137,"column":7}},"40":{"start":{"line":140,"column":2},"end":{"line":232,"column":4}},"41":{"start":{"line":143,"column":35},"end":{"line":143,"column":54}},"42":{"start":{"line":154,"column":40},"end":{"line":154,"column":51}},"43":{"start":{"line":156,"column":14},"end":{"line":164,"column":34}},"44":{"start":{"line":158,"column":31},"end":{"line":158,"column":64}},"45":{"start":{"line":177,"column":35},"end":{"line":177,"column":64}},"46":{"start":{"line":191,"column":16},"end":{"line":200,"column":23}},"47":{"start":{"line":194,"column":33},"end":{"line":194,"column":54}},"48":{"start":{"line":211,"column":18},"end":{"line":220,"column":25}},"49":{"start":{"line":214,"column":35},"end":{"line":214,"column":56}}},"fnMap":{"0":{"name":"(anonymous_0)","decl":{"start":{"line":48,"column":40},"end":{"line":48,"column":41}},"loc":{"start":{"line":48,"column":46},"end":{"line":233,"column":1}},"line":48},"1":{"name":"(anonymous_1)","decl":{"start":{"line":58,"column":30},"end":{"line":58,"column":31}},"loc":{"start":{"line":58,"column":36},"end":{"line":66,"column":3}},"line":58},"2":{"name":"(anonymous_2)","decl":{"start":{"line":74,"column":12},"end":{"line":74,"column":13}},"loc":{"start":{"line":74,"column":18},"end":{"line":78,"column":3}},"line":74},"3":{"name":"(anonymous_3)","decl":{"start":{"line":75,"column":30},"end":{"line":75,"column":31}},"loc":{"start":{"line":75,"column":44},"end":{"line":77,"column":5}},"line":75},"4":{"name":"(anonymous_4)","decl":{"start":{"line":80,"column":12},"end":{"line":80,"column":13}},"loc":{"start":{"line":80,"column":18},"end":{"line":93,"column":3}},"line":80},"5":{"name":"(anonymous_5)","decl":{"start":{"line":89,"column":12},"end":{"line":89,"column":13}},"loc":{"start":{"line":89,"column":26},"end":{"line":92,"column":7}},"line":89},"6":{"name":"(anonymous_6)","decl":{"start":{"line":95,"column":43},"end":{"line":95,"column":44}},"loc":{"start":{"line":95,"column":67},"end":{"line":97,"column":3}},"line":95},"7":{"name":"(anonymous_7)","decl":{"start":{"line":99,"column":46},"end":{"line":99,"column":47}},"loc":{"start":{"line":99,"column":58},"end":{"line":118,"column":3}},"line":99},"8":{"name":"(anonymous_8)","decl":{"start":{"line":120,"column":38},"end":{"line":120,"column":39}},"loc":{"start":{"line":120,"column":44},"end":{"line":128,"column":3}},"line":120},"9":{"name":"(anonymous_9)","decl":{"start":{"line":122,"column":14},"end":{"line":122,"column":15}},"loc":{"start":{"line":122,"column":28},"end":{"line":122,"column":37}},"line":122},"10":{"name":"(anonymous_10)","decl":{"start":{"line":123,"column":11},"end":{"line":123,"column":12}},"loc":{"start":{"line":123,"column":37},"end":{"line":127,"column":7}},"line":123},"11":{"name":"(anonymous_11)","decl":{"start":{"line":130,"column":40},"end":{"line":130,"column":41}},"loc":{"start":{"line":130,"column":46},"end":{"line":138,"column":3}},"line":130},"12":{"name":"(anonymous_12)","decl":{"start":{"line":132,"column":14},"end":{"line":132,"column":15}},"loc":{"start":{"line":132,"column":28},"end":{"line":132,"column":38}},"line":132},"13":{"name":"(anonymous_13)","decl":{"start":{"line":133,"column":11},"end":{"line":133,"column":12}},"loc":{"start":{"line":133,"column":37},"end":{"line":137,"column":7}},"line":133},"14":{"name":"(anonymous_14)","decl":{"start":{"line":143,"column":29},"end":{"line":143,"column":30}},"loc":{"start":{"line":143,"column":35},"end":{"line":143,"column":54}},"line":143},"15":{"name":"(anonymous_15)","decl":{"start":{"line":154,"column":26},"end":{"line":154,"column":27}},"loc":{"start":{"line":154,"column":40},"end":{"line":154,"column":51}},"line":154},"16":{"name":"(anonymous_16)","decl":{"start":{"line":155,"column":24},"end":{"line":155,"column":25}},"loc":{"start":{"line":156,"column":14},"end":{"line":164,"column":34}},"line":156},"17":{"name":"(anonymous_17)","decl":{"start":{"line":158,"column":25},"end":{"line":158,"column":26}},"loc":{"start":{"line":158,"column":31},"end":{"line":158,"column":64}},"line":158},"18":{"name":"(anonymous_18)","decl":{"start":{"line":177,"column":22},"end":{"line":177,"column":23}},"loc":{"start":{"line":177,"column":35},"end":{"line":177,"column":64}},"line":177},"19":{"name":"(anonymous_19)","decl":{"start":{"line":190,"column":39},"end":{"line":190,"column":40}},"loc":{"start":{"line":191,"column":16},"end":{"line":200,"column":23}},"line":191},"20":{"name":"(anonymous_20)","decl":{"start":{"line":194,"column":27},"end":{"line":194,"column":28}},"loc":{"start":{"line":194,"column":33},"end":{"line":194,"column":54}},"line":194},"21":{"name":"(anonymous_21)","decl":{"start":{"line":210,"column":16},"end":{"line":210,"column":17}},"loc":{"start":{"line":211,"column":18},"end":{"line":220,"column":25}},"line":211},"22":{"name":"(anonymous_22)","decl":{"start":{"line":214,"column":29},"end":{"line":214,"column":30}},"loc":{"start":{"line":214,"column":35},"end":{"line":214,"column":56}},"line":214}},"branchMap":{"0":{"loc":{"start":{"line":61,"column":4},"end":{"line":63,"column":5}},"type":"if","locations":[{"start":{"line":61,"column":4},"end":{"line":63,"column":5}},{"start":{"line":61,"column":4},"end":{"line":63,"column":5}}],"line":61},"1":{"loc":{"start":{"line":177,"column":35},"end":{"line":177,"column":64}},"type":"binary-expr","locations":[{"start":{"line":177,"column":35},"end":{"line":177,"column":39}},{"start":{"line":177,"column":43},"end":{"line":177,"column":64}}],"line":177}},"s":{"0":0,"1":0,"2":0,"3":0,"4":0,"5":0,"6":0,"7":0,"8":0,"9":0,"10":0,"11":0,"12":0,"13":0,"14":0,"15":0,"16":0,"17":0,"18":0,"19":0,"20":0,"21":0,"22":0,"23":0,"24":0,"25":0,"26":0,"27":0,"28":0,"29":0,"30":0,"31":0,"32":0,"33":0,"34":0,"35":0,"36":0,"37":0,"38":0,"39":0,"40":0,"41":0,"42":0,"43":0,"44":0,"45":0,"46":0,"47":0,"48":0,"49":0},"f":{"0":0,"1":0,"2":0,"3":0,"4":0,"5":0,"6":0,"7":0,"8":0,"9":0,"10":0,"11":0,"12":0,"13":0,"14":0,"15":0,"16":0,"17":0,"18":0,"19":0,"20":0,"21":0,"22":0},"b":{"0":[0,0],"1":[0,0]},"hash":"ecca25f434c99e43239cfafa9b91e02170ad2199"}
,"/home/douglas/www/rocketseat/bootcamp-gostack-apps/appgobarber/src/pages/Dashboard/index.tsx": {"path":"/home/douglas/www/rocketseat/bootcamp-gostack-apps/appgobarber/src/pages/Dashboard/index.tsx","statementMap":{"0":{"start":{"line":30,"column":28},"end":{"line":87,"column":1}},"1":{"start":{"line":31,"column":28},"end":{"line":31,"column":37}},"2":{"start":{"line":32,"column":21},"end":{"line":32,"column":36}},"3":{"start":{"line":33,"column":36},"end":{"line":33,"column":60}},"4":{"start":{"line":35,"column":2},"end":{"line":39,"column":9}},"5":{"start":{"line":36,"column":4},"end":{"line":38,"column":7}},"6":{"start":{"line":37,"column":6},"end":{"line":37,"column":34}},"7":{"start":{"line":41,"column":31},"end":{"line":46,"column":3}},"8":{"start":{"line":43,"column":6},"end":{"line":43,"column":67}},"9":{"start":{"line":48,"column":2},"end":{"line":86,"column":4}},"10":{"start":{"line":56,"column":38},"end":{"line":56,"column":68}},"11":{"start":{"line":63,"column":36},"end":{"line":63,"column":47}},"12":{"start":{"line":68,"column":10},"end":{"line":82,"column":30}},"13":{"start":{"line":68,"column":44},"end":{"line":68,"column":77}}},"fnMap":{"0":{"name":"(anonymous_0)","decl":{"start":{"line":30,"column":28},"end":{"line":30,"column":29}},"loc":{"start":{"line":30,"column":34},"end":{"line":87,"column":1}},"line":30},"1":{"name":"(anonymous_1)","decl":{"start":{"line":35,"column":12},"end":{"line":35,"column":13}},"loc":{"start":{"line":35,"column":18},"end":{"line":39,"column":3}},"line":35},"2":{"name":"(anonymous_2)","decl":{"start":{"line":36,"column":30},"end":{"line":36,"column":31}},"loc":{"start":{"line":36,"column":44},"end":{"line":38,"column":5}},"line":36},"3":{"name":"(anonymous_3)","decl":{"start":{"line":42,"column":4},"end":{"line":42,"column":5}},"loc":{"start":{"line":42,"column":28},"end":{"line":44,"column":5}},"line":42},"4":{"name":"(anonymous_4)","decl":{"start":{"line":56,"column":32},"end":{"line":56,"column":33}},"loc":{"start":{"line":56,"column":38},"end":{"line":56,"column":68}},"line":56},"5":{"name":"(anonymous_5)","decl":{"start":{"line":63,"column":22},"end":{"line":63,"column":23}},"loc":{"start":{"line":63,"column":36},"end":{"line":63,"column":47}},"line":63},"6":{"name":"(anonymous_6)","decl":{"start":{"line":67,"column":20},"end":{"line":67,"column":21}},"loc":{"start":{"line":68,"column":10},"end":{"line":82,"column":30}},"line":68},"7":{"name":"(anonymous_7)","decl":{"start":{"line":68,"column":38},"end":{"line":68,"column":39}},"loc":{"start":{"line":68,"column":44},"end":{"line":68,"column":77}},"line":68}},"branchMap":{},"s":{"0":0,"1":0,"2":0,"3":0,"4":0,"5":0,"6":0,"7":0,"8":0,"9":0,"10":0,"11":0,"12":0,"13":0},"f":{"0":0,"1":0,"2":0,"3":0,"4":0,"5":0,"6":0,"7":0},"b":{},"hash":"5a05ad23344eaf441048402f1a02c55d19792081"}
,"/home/douglas/www/rocketseat/bootcamp-gostack-apps/appgobarber/src/pages/Profile/index.tsx": {"path":"/home/douglas/www/rocketseat/bootcamp-gostack-apps/appgobarber/src/pages/Profile/index.tsx","statementMap":{"0":{"start":{"line":31,"column":26},"end":{"line":178,"column":1}},"1":{"start":{"line":32,"column":19},"end":{"line":32,"column":28}},"2":{"start":{"line":33,"column":18},"end":{"line":33,"column":43}},"3":{"start":{"line":34,"column":21},"end":{"line":34,"column":36}},"4":{"start":{"line":36,"column":24},"end":{"line":36,"column":47}},"5":{"start":{"line":37,"column":27},"end":{"line":37,"column":50}},"6":{"start":{"line":38,"column":30},"end":{"line":38,"column":53}},"7":{"start":{"line":39,"column":34},"end":{"line":39,"column":57}},"8":{"start":{"line":41,"column":28},"end":{"line":89,"column":8}},"9":{"start":{"line":42,"column":4},"end":{"line":88,"column":5}},"10":{"start":{"line":43,"column":6},"end":{"line":43,"column":37}},"11":{"start":{"line":45,"column":21},"end":{"line":63,"column":8}},"12":{"start":{"line":52,"column":23},"end":{"line":52,"column":35}},"13":{"start":{"line":58,"column":25},"end":{"line":58,"column":37}},"14":{"start":{"line":65,"column":6},"end":{"line":67,"column":9}},"15":{"start":{"line":69,"column":6},"end":{"line":69,"column":24}},"16":{"start":{"line":71,"column":6},"end":{"line":74,"column":8}},"17":{"start":{"line":76,"column":6},"end":{"line":82,"column":7}},"18":{"start":{"line":77,"column":23},"end":{"line":77,"column":47}},"19":{"start":{"line":79,"column":8},"end":{"line":79,"column":43}},"20":{"start":{"line":81,"column":8},"end":{"line":81,"column":15}},"21":{"start":{"line":84,"column":6},"end":{"line":87,"column":8}},"22":{"start":{"line":91,"column":2},"end":{"line":177,"column":4}},"23":{"start":{"line":117,"column":18},"end":{"line":117,"column":49}},"24":{"start":{"line":131,"column":18},"end":{"line":131,"column":52}},"25":{"start":{"line":144,"column":39},"end":{"line":144,"column":75}},"26":{"start":{"line":155,"column":39},"end":{"line":155,"column":79}},"27":{"start":{"line":166,"column":39},"end":{"line":166,"column":68}},"28":{"start":{"line":169,"column":37},"end":{"line":169,"column":66}}},"fnMap":{"0":{"name":"(anonymous_0)","decl":{"start":{"line":31,"column":26},"end":{"line":31,"column":27}},"loc":{"start":{"line":31,"column":32},"end":{"line":178,"column":1}},"line":31},"1":{"name":"(anonymous_1)","decl":{"start":{"line":41,"column":40},"end":{"line":41,"column":41}},"loc":{"start":{"line":41,"column":73},"end":{"line":89,"column":3}},"line":41},"2":{"name":"(anonymous_2)","decl":{"start":{"line":52,"column":14},"end":{"line":52,"column":15}},"loc":{"start":{"line":52,"column":23},"end":{"line":52,"column":35}},"line":52},"3":{"name":"(anonymous_3)","decl":{"start":{"line":58,"column":16},"end":{"line":58,"column":17}},"loc":{"start":{"line":58,"column":25},"end":{"line":58,"column":37}},"line":58},"4":{"name":"(anonymous_4)","decl":{"start":{"line":116,"column":33},"end":{"line":116,"column":34}},"loc":{"start":{"line":116,"column":39},"end":{"line":118,"column":17}},"line":116},"5":{"name":"(anonymous_5)","decl":{"start":{"line":130,"column":33},"end":{"line":130,"column":34}},"loc":{"start":{"line":130,"column":39},"end":{"line":132,"column":17}},"line":130},"6":{"name":"(anonymous_6)","decl":{"start":{"line":144,"column":33},"end":{"line":144,"column":34}},"loc":{"start":{"line":144,"column":39},"end":{"line":144,"column":75}},"line":144},"7":{"name":"(anonymous_7)","decl":{"start":{"line":155,"column":33},"end":{"line":155,"column":34}},"loc":{"start":{"line":155,"column":39},"end":{"line":155,"column":79}},"line":155},"8":{"name":"(anonymous_8)","decl":{"start":{"line":166,"column":33},"end":{"line":166,"column":34}},"loc":{"start":{"line":166,"column":39},"end":{"line":166,"column":68}},"line":166},"9":{"name":"(anonymous_9)","decl":{"start":{"line":169,"column":31},"end":{"line":169,"column":32}},"loc":{"start":{"line":169,"column":37},"end":{"line":169,"column":66}},"line":169}},"branchMap":{"0":{"loc":{"start":{"line":76,"column":6},"end":{"line":82,"column":7}},"type":"if","locations":[{"start":{"line":76,"column":6},"end":{"line":82,"column":7}},{"start":{"line":76,"column":6},"end":{"line":82,"column":7}}],"line":76},"1":{"loc":{"start":{"line":95,"column":18},"end":{"line":95,"column":63}},"type":"cond-expr","locations":[{"start":{"line":95,"column":42},"end":{"line":95,"column":51}},{"start":{"line":95,"column":54},"end":{"line":95,"column":63}}],"line":95}},"s":{"0":0,"1":0,"2":0,"3":0,"4":0,"5":0,"6":0,"7":0,"8":0,"9":0,"10":0,"11":0,"12":0,"13":0,"14":0,"15":0,"16":0,"17":0,"18":0,"19":0,"20":0,"21":0,"22":0,"23":0,"24":0,"25":0,"26":0,"27":0,"28":0},"f":{"0":0,"1":0,"2":0,"3":0,"4":0,"5":0,"6":0,"7":0,"8":0,"9":0},"b":{"0":[0,0],"1":[0,0]},"hash":"b6d4dd4b39903ef79fa3778aaf677a21f394593f"}
,"/home/douglas/www/rocketseat/bootcamp-gostack-apps/appgobarber/src/pages/SignIn/index.tsx": {"path":"/home/douglas/www/rocketseat/bootcamp-gostack-apps/appgobarber/src/pages/SignIn/index.tsx","statementMap":{"0":{"start":{"line":41,"column":25},"end":{"line":152,"column":1}},"1":{"start":{"line":42,"column":18},"end":{"line":42,"column":43}},"2":{"start":{"line":43,"column":27},"end":{"line":43,"column":50}},"3":{"start":{"line":45,"column":21},"end":{"line":45,"column":36}},"4":{"start":{"line":47,"column":21},"end":{"line":47,"column":30}},"5":{"start":{"line":49,"column":23},"end":{"line":84,"column":3}},"6":{"start":{"line":51,"column":6},"end":{"line":81,"column":7}},"7":{"start":{"line":52,"column":8},"end":{"line":52,"column":39}},"8":{"start":{"line":54,"column":23},"end":{"line":59,"column":10}},"9":{"start":{"line":61,"column":8},"end":{"line":63,"column":11}},"10":{"start":{"line":65,"column":8},"end":{"line":68,"column":11}},"11":{"start":{"line":70,"column":8},"end":{"line":76,"column":9}},"12":{"start":{"line":71,"column":25},"end":{"line":71,"column":49}},"13":{"start":{"line":73,"column":10},"end":{"line":73,"column":45}},"14":{"start":{"line":75,"column":10},"end":{"line":75,"column":17}},"15":{"start":{"line":77,"column":8},"end":{"line":80,"column":10}},"16":{"start":{"line":86,"column":2},"end":{"line":151,"column":4}},"17":{"start":{"line":114,"column":18},"end":{"line":114,"column":52}},"18":{"start":{"line":126,"column":18},"end":{"line":126,"column":48}},"19":{"start":{"line":132,"column":18},"end":{"line":132,"column":48}},"20":{"start":{"line":146,"column":42},"end":{"line":146,"column":71}}},"fnMap":{"0":{"name":"(anonymous_0)","decl":{"start":{"line":41,"column":25},"end":{"line":41,"column":26}},"loc":{"start":{"line":41,"column":31},"end":{"line":152,"column":1}},"line":41},"1":{"name":"(anonymous_1)","decl":{"start":{"line":50,"column":4},"end":{"line":50,"column":5}},"loc":{"start":{"line":50,"column":36},"end":{"line":82,"column":5}},"line":50},"2":{"name":"(anonymous_2)","decl":{"start":{"line":113,"column":33},"end":{"line":113,"column":34}},"loc":{"start":{"line":113,"column":39},"end":{"line":115,"column":17}},"line":113},"3":{"name":"(anonymous_3)","decl":{"start":{"line":125,"column":33},"end":{"line":125,"column":34}},"loc":{"start":{"line":125,"column":39},"end":{"line":127,"column":17}},"line":125},"4":{"name":"(anonymous_4)","decl":{"start":{"line":131,"column":25},"end":{"line":131,"column":26}},"loc":{"start":{"line":131,"column":31},"end":{"line":133,"column":17}},"line":131},"5":{"name":"(anonymous_5)","decl":{"start":{"line":139,"column":37},"end":{"line":139,"column":38}},"loc":{"start":{"line":139,"column":43},"end":{"line":139,"column":45}},"line":139},"6":{"name":"(anonymous_6)","decl":{"start":{"line":146,"column":36},"end":{"line":146,"column":37}},"loc":{"start":{"line":146,"column":42},"end":{"line":146,"column":71}},"line":146}},"branchMap":{"0":{"loc":{"start":{"line":70,"column":8},"end":{"line":76,"column":9}},"type":"if","locations":[{"start":{"line":70,"column":8},"end":{"line":76,"column":9}},{"start":{"line":70,"column":8},"end":{"line":76,"column":9}}],"line":70},"1":{"loc":{"start":{"line":90,"column":18},"end":{"line":90,"column":63}},"type":"cond-expr","locations":[{"start":{"line":90,"column":42},"end":{"line":90,"column":51}},{"start":{"line":90,"column":54},"end":{"line":90,"column":63}}],"line":90}},"s":{"0":1,"1":4,"2":4,"3":4,"4":4,"5":4,"6":3,"7":3,"8":3,"9":3,"10":2,"11":2,"12":1,"13":1,"14":1,"15":1,"16":4,"17":0,"18":0,"19":3,"20":0},"f":{"0":4,"1":3,"2":0,"3":0,"4":3,"5":0,"6":0},"b":{"0":[1,1],"1":[4,0]},"_coverageSchema":"43e27e138ebf9cfc5966b082cf9a028302ed4184","hash":"371b8dc4c40e8951a0c1da07087cb298e6460578"}
,"/home/douglas/www/rocketseat/bootcamp-gostack-apps/appgobarber/src/pages/SignUp/index.tsx": {"path":"/home/douglas/www/rocketseat/bootcamp-gostack-apps/appgobarber/src/pages/SignUp/index.tsx","statementMap":{"0":{"start":{"line":34,"column":25},"end":{"line":152,"column":1}},"1":{"start":{"line":35,"column":18},"end":{"line":35,"column":43}},"2":{"start":{"line":36,"column":21},"end":{"line":36,"column":36}},"3":{"start":{"line":38,"column":24},"end":{"line":38,"column":47}},"4":{"start":{"line":39,"column":27},"end":{"line":39,"column":50}},"5":{"start":{"line":41,"column":23},"end":{"line":81,"column":3}},"6":{"start":{"line":43,"column":6},"end":{"line":78,"column":7}},"7":{"start":{"line":44,"column":8},"end":{"line":44,"column":39}},"8":{"start":{"line":46,"column":23},"end":{"line":52,"column":10}},"9":{"start":{"line":54,"column":8},"end":{"line":56,"column":11}},"10":{"start":{"line":57,"column":8},"end":{"line":57,"column":39}},"11":{"start":{"line":59,"column":8},"end":{"line":62,"column":10}},"12":{"start":{"line":64,"column":8},"end":{"line":64,"column":28}},"13":{"start":{"line":66,"column":8},"end":{"line":72,"column":9}},"14":{"start":{"line":67,"column":25},"end":{"line":67,"column":49}},"15":{"start":{"line":69,"column":10},"end":{"line":69,"column":45}},"16":{"start":{"line":71,"column":10},"end":{"line":71,"column":17}},"17":{"start":{"line":74,"column":8},"end":{"line":77,"column":10}},"18":{"start":{"line":83,"column":2},"end":{"line":151,"column":4}},"19":{"start":{"line":109,"column":18},"end":{"line":109,"column":49}},"20":{"start":{"line":123,"column":18},"end":{"line":123,"column":52}},"21":{"start":{"line":135,"column":39},"end":{"line":135,"column":68}},"22":{"start":{"line":138,"column":37},"end":{"line":138,"column":66}},"23":{"start":{"line":146,"column":35},"end":{"line":146,"column":54}}},"fnMap":{"0":{"name":"(anonymous_0)","decl":{"start":{"line":34,"column":25},"end":{"line":34,"column":26}},"loc":{"start":{"line":34,"column":31},"end":{"line":152,"column":1}},"line":34},"1":{"name":"(anonymous_1)","decl":{"start":{"line":42,"column":4},"end":{"line":42,"column":5}},"loc":{"start":{"line":42,"column":36},"end":{"line":79,"column":5}},"line":42},"2":{"name":"(anonymous_2)","decl":{"start":{"line":108,"column":33},"end":{"line":108,"column":34}},"loc":{"start":{"line":108,"column":39},"end":{"line":110,"column":17}},"line":108},"3":{"name":"(anonymous_3)","decl":{"start":{"line":122,"column":33},"end":{"line":122,"column":34}},"loc":{"start":{"line":122,"column":39},"end":{"line":124,"column":17}},"line":122},"4":{"name":"(anonymous_4)","decl":{"start":{"line":135,"column":33},"end":{"line":135,"column":34}},"loc":{"start":{"line":135,"column":39},"end":{"line":135,"column":68}},"line":135},"5":{"name":"(anonymous_5)","decl":{"start":{"line":138,"column":31},"end":{"line":138,"column":32}},"loc":{"start":{"line":138,"column":37},"end":{"line":138,"column":66}},"line":138},"6":{"name":"(anonymous_6)","decl":{"start":{"line":146,"column":29},"end":{"line":146,"column":30}},"loc":{"start":{"line":146,"column":35},"end":{"line":146,"column":54}},"line":146}},"branchMap":{"0":{"loc":{"start":{"line":66,"column":8},"end":{"line":72,"column":9}},"type":"if","locations":[{"start":{"line":66,"column":8},"end":{"line":72,"column":9}},{"start":{"line":66,"column":8},"end":{"line":72,"column":9}}],"line":66},"1":{"loc":{"start":{"line":87,"column":18},"end":{"line":87,"column":63}},"type":"cond-expr","locations":[{"start":{"line":87,"column":42},"end":{"line":87,"column":51}},{"start":{"line":87,"column":54},"end":{"line":87,"column":63}}],"line":87}},"s":{"0":1,"1":2,"2":2,"3":2,"4":2,"5":2,"6":1,"7":1,"8":1,"9":1,"10":1,"11":1,"12":1,"13":1,"14":0,"15":0,"16":0,"17":1,"18":2,"19":0,"20":0,"21":0,"22":1,"23":0},"f":{"0":2,"1":1,"2":0,"3":0,"4":0,"5":1,"6":0},"b":{"0":[0,1],"1":[2,0]},"_coverageSchema":"43e27e138ebf9cfc5966b082cf9a028302ed4184","hash":"e00ac1f9769aaad451d7b38addd6960dc5098c4f"}
}
