TN:
SF:/home/douglas/www/rocketseat/bootcamp-gostack-apps/appgobarber/src/components/Button/index.tsx
FN:10,(anonymous_0)
FNF:1
FNH:1
FNDA:6,(anonymous_0)
DA:10,2
DA:11,6
LF:2
LH:2
BRF:0
BRH:0
end_of_record
TN:
SF:/home/douglas/www/rocketseat/bootcamp-gostack-apps/appgobarber/src/components/Input/index.tsx
FN:28,(anonymous_0)
FN:40,(anonymous_1)
FN:44,(anonymous_2)
FN:50,(anonymous_3)
FN:54,(anonymous_4)
FN:55,(anonymous_5)
FN:60,(anonymous_6)
FN:65,(anonymous_7)
FN:69,(anonymous_8)
FN:92,(anonymous_9)
FNF:10
FNH:5
FNDA:26,(anonymous_0)
FNDA:0,(anonymous_1)
FNDA:0,(anonymous_2)
FNDA:15,(anonymous_3)
FNDA:14,(anonymous_4)
FNDA:0,(anonymous_5)
FNDA:15,(anonymous_6)
FNDA:0,(anonymous_7)
FNDA:0,(anonymous_8)
FNDA:9,(anonymous_9)
DA:28,3
DA:32,26
DA:34,26
DA:35,26
DA:37,26
DA:38,26
DA:40,26
DA:41,0
DA:44,26
DA:45,0
DA:47,0
DA:50,26
DA:51,15
DA:54,26
DA:56,0
DA:60,26
DA:61,15
DA:66,0
DA:67,0
DA:70,0
DA:71,0
DA:76,26
DA:93,9
LF:23
LH:15
BRDA:29,0,0,26
BRDA:34,1,0,25
BRDA:81,2,0,0
BRDA:81,2,1,26
BRDA:81,3,0,26
BRDA:81,3,1,26
BRF:6
BRH:5
end_of_record
TN:
SF:/home/douglas/www/rocketseat/bootcamp-gostack-apps/appgobarber/src/hooks/auth.tsx
FN:37,(anonymous_0)
FN:41,(anonymous_1)
FN:42,loadStoragedData
FN:63,(anonymous_3)
FN:81,(anonymous_4)
FN:94,useAuth
FNF:6
FNH:6
FNDA:10,(anonymous_0)
FNDA:3,(anonymous_1)
FNDA:3,loadStoragedData
FNDA:1,(anonymous_3)
FNDA:1,(anonymous_4)
FNDA:10,useAuth
DA:35,1
DA:37,1
DA:38,10
DA:39,10
DA:41,10
DA:48,3
DA:49,3
DA:51,3
DA:52,2
DA:54,2
DA:57,3
DA:60,3
DA:63,10
DA:64,1
DA:69,1
DA:71,1
DA:76,1
DA:78,1
DA:81,10
DA:82,1
DA:84,1
DA:87,10
DA:95,10
DA:97,10
LF:24
LH:24
BRDA:51,0,0,2
BRDA:51,0,1,1
BRDA:51,1,0,3
BRDA:51,1,1,2
BRF:4
BRH:4
end_of_record
TN:
SF:/home/douglas/www/rocketseat/bootcamp-gostack-apps/appgobarber/src/pages/AppointmentCreated/index.tsx
FN:20,(anonymous_0)
FN:25,(anonymous_1)
FN:33,(anonymous_2)
FNF:3
FNH:0
FNDA:0,(anonymous_0)
FNDA:0,(anonymous_1)
FNDA:0,(anonymous_2)
DA:20,0
DA:21,0
DA:22,0
DA:23,0
DA:25,0
DA:26,0
DA:33,0
DA:34,0
DA:44,0
LF:9
LH:0
BRF:0
BRH:0
end_of_record
TN:
SF:/home/douglas/www/rocketseat/bootcamp-gostack-apps/appgobarber/src/pages/AppointmentDatePicker/index.tsx
FN:48,(anonymous_0)
FN:58,(anonymous_1)
FN:74,(anonymous_2)
FN:75,(anonymous_3)
FN:80,(anonymous_4)
FN:89,(anonymous_5)
FN:95,(anonymous_6)
FN:99,(anonymous_7)
FN:120,(anonymous_8)
FN:122,(anonymous_9)
FN:123,(anonymous_10)
FN:130,(anonymous_11)
FN:132,(anonymous_12)
FN:133,(anonymous_13)
FN:143,(anonymous_14)
FN:154,(anonymous_15)
FN:155,(anonymous_16)
FN:158,(anonymous_17)
FN:177,(anonymous_18)
FN:190,(anonymous_19)
FN:194,(anonymous_20)
FN:210,(anonymous_21)
FN:214,(anonymous_22)
FNF:23
FNH:0
FNDA:0,(anonymous_0)
FNDA:0,(anonymous_1)
FNDA:0,(anonymous_2)
FNDA:0,(anonymous_3)
FNDA:0,(anonymous_4)
FNDA:0,(anonymous_5)
FNDA:0,(anonymous_6)
FNDA:0,(anonymous_7)
FNDA:0,(anonymous_8)
FNDA:0,(anonymous_9)
FNDA:0,(anonymous_10)
FNDA:0,(anonymous_11)
FNDA:0,(anonymous_12)
FNDA:0,(anonymous_13)
FNDA:0,(anonymous_14)
FNDA:0,(anonymous_15)
FNDA:0,(anonymous_16)
FNDA:0,(anonymous_17)
FNDA:0,(anonymous_18)
FNDA:0,(anonymous_19)
FNDA:0,(anonymous_20)
FNDA:0,(anonymous_21)
FNDA:0,(anonymous_22)
DA:48,0
DA:49,0
DA:50,0
DA:51,0
DA:52,0
DA:54,0
DA:58,0
DA:59,0
DA:61,0
DA:62,0
DA:65,0
DA:68,0
DA:69,0
DA:71,0
DA:72,0
DA:74,0
DA:75,0
DA:76,0
DA:80,0
DA:81,0
DA:90,0
DA:91,0
DA:95,0
DA:96,0
DA:99,0
DA:100,0
DA:101,0
DA:103,0
DA:104,0
DA:106,0
DA:111,0
DA:113,0
DA:120,0
DA:121,0
DA:122,0
DA:123,0
DA:130,0
DA:131,0
DA:132,0
DA:133,0
DA:140,0
DA:143,0
DA:154,0
DA:156,0
DA:158,0
DA:177,0
DA:191,0
DA:194,0
DA:211,0
DA:214,0
LF:50
LH:0
BRDA:61,0,0,0
BRDA:61,0,1,0
BRDA:177,1,0,0
BRDA:177,1,1,0
BRF:4
BRH:0
end_of_record
TN:
SF:/home/douglas/www/rocketseat/bootcamp-gostack-apps/appgobarber/src/pages/Dashboard/index.tsx
FN:30,(anonymous_0)
FN:35,(anonymous_1)
FN:36,(anonymous_2)
FN:42,(anonymous_3)
FN:56,(anonymous_4)
FN:63,(anonymous_5)
FN:67,(anonymous_6)
FN:68,(anonymous_7)
FNF:8
FNH:0
FNDA:0,(anonymous_0)
FNDA:0,(anonymous_1)
FNDA:0,(anonymous_2)
FNDA:0,(anonymous_3)
FNDA:0,(anonymous_4)
FNDA:0,(anonymous_5)
FNDA:0,(anonymous_6)
FNDA:0,(anonymous_7)
DA:30,0
DA:31,0
DA:32,0
DA:33,0
DA:35,0
DA:36,0
DA:37,0
DA:41,0
DA:43,0
DA:48,0
DA:56,0
DA:63,0
DA:68,0
LF:13
LH:0
BRF:0
BRH:0
end_of_record
TN:
SF:/home/douglas/www/rocketseat/bootcamp-gostack-apps/appgobarber/src/pages/Profile/index.tsx
FN:31,(anonymous_0)
FN:41,(anonymous_1)
FN:52,(anonymous_2)
FN:58,(anonymous_3)
FN:116,(anonymous_4)
FN:130,(anonymous_5)
FN:144,(anonymous_6)
FN:155,(anonymous_7)
FN:166,(anonymous_8)
FN:169,(anonymous_9)
FNF:10
FNH:0
FNDA:0,(anonymous_0)
FNDA:0,(anonymous_1)
FNDA:0,(anonymous_2)
FNDA:0,(anonymous_3)
FNDA:0,(anonymous_4)
FNDA:0,(anonymous_5)
FNDA:0,(anonymous_6)
FNDA:0,(anonymous_7)
FNDA:0,(anonymous_8)
FNDA:0,(anonymous_9)
DA:31,0
DA:32,0
DA:33,0
DA:34,0
DA:36,0
DA:37,0
DA:38,0
DA:39,0
DA:41,0
DA:42,0
DA:43,0
DA:45,0
DA:52,0
DA:58,0
DA:65,0
DA:69,0
DA:71,0
DA:76,0
DA:77,0
DA:79,0
DA:81,0
DA:84,0
DA:91,0
DA:117,0
DA:131,0
DA:144,0
DA:155,0
DA:166,0
DA:169,0
LF:29
LH:0
BRDA:76,0,0,0
BRDA:76,0,1,0
BRDA:95,1,0,0
BRDA:95,1,1,0
BRF:4
BRH:0
end_of_record
TN:
SF:/home/douglas/www/rocketseat/bootcamp-gostack-apps/appgobarber/src/pages/SignIn/index.tsx
FN:41,(anonymous_0)
FN:50,(anonymous_1)
FN:113,(anonymous_2)
FN:125,(anonymous_3)
FN:131,(anonymous_4)
FN:139,(anonymous_5)
FN:146,(anonymous_6)
FNF:7
FNH:3
FNDA:4,(anonymous_0)
FNDA:3,(anonymous_1)
FNDA:0,(anonymous_2)
FNDA:0,(anonymous_3)
FNDA:3,(anonymous_4)
FNDA:0,(anonymous_5)
FNDA:0,(anonymous_6)
DA:41,1
DA:42,4
DA:43,4
DA:45,4
DA:47,4
DA:49,4
DA:51,3
DA:52,3
DA:54,3
DA:61,3
DA:65,2
DA:70,2
DA:71,1
DA:73,1
DA:75,1
DA:77,1
DA:86,4
DA:114,0
DA:126,0
DA:132,3
DA:146,0
LF:21
LH:18
BRDA:70,0,0,1
BRDA:70,0,1,1
BRDA:90,1,0,4
BRDA:90,1,1,0
BRF:4
BRH:3
end_of_record
TN:
SF:/home/douglas/www/rocketseat/bootcamp-gostack-apps/appgobarber/src/pages/SignUp/index.tsx
FN:34,(anonymous_0)
FN:42,(anonymous_1)
FN:108,(anonymous_2)
FN:122,(anonymous_3)
FN:135,(anonymous_4)
FN:138,(anonymous_5)
FN:146,(anonymous_6)
FNF:7
FNH:3
FNDA:2,(anonymous_0)
FNDA:1,(anonymous_1)
FNDA:0,(anonymous_2)
FNDA:0,(anonymous_3)
FNDA:0,(anonymous_4)
FNDA:1,(anonymous_5)
FNDA:0,(anonymous_6)
DA:34,1
DA:35,2
DA:36,2
DA:38,2
DA:39,2
DA:41,2
DA:43,1
DA:44,1
DA:46,1
DA:54,1
DA:57,1
DA:59,1
DA:64,1
DA:66,1
DA:67,0
DA:69,0
DA:71,0
DA:74,1
DA:83,2
DA:109,0
DA:123,0
DA:135,0
DA:138,1
DA:146,0
LF:24
LH:17
BRDA:66,0,0,0
BRDA:66,0,1,1
BRDA:87,1,0,2
BRDA:87,1,1,0
BRF:4
BRH:2
end_of_record
